0 verbose cli /usr/local/bin/node /usr/local/bin/npm
1 info using npm@8.13.2
2 info using node@v16.3.0
3 timing npm:load:whichnode Completed in 0ms
4 timing config:load:defaults Completed in 3ms
5 timing config:load:file:/usr/local/lib/node_modules/npm/npmrc Completed in 1ms
6 timing config:load:builtin Completed in 1ms
7 timing config:load:cli Completed in 1ms
8 timing config:load:env Completed in 0ms
9 timing config:load:file:/home/.npmrc Completed in 0ms
10 timing config:load:project Completed in 1ms
11 timing config:load:file:/home/node/.npmrc Completed in 0ms
12 timing config:load:user Completed in 0ms
13 timing config:load:file:/usr/local/etc/npmrc Completed in 0ms
14 timing config:load:global Completed in 1ms
15 timing config:load:validate Completed in 0ms
16 timing config:load:credentials Completed in 1ms
17 timing config:load:setEnvs Completed in 1ms
18 timing config:load Completed in 10ms
19 timing npm:load:configload Completed in 11ms
20 timing npm:load:mkdirpcache Completed in 2ms
21 timing npm:load:mkdirplogs Completed in 1ms
22 verbose title npm run dev
23 verbose argv "run" "dev"
24 timing npm:load:setTitle Completed in 2ms
25 timing config:load:flatten Completed in 5ms
26 timing npm:load:display Completed in 6ms
27 verbose logfile logs-max:10 dir:/home/node/.npm/_logs
28 verbose logfile /home/node/.npm/_logs/2022-07-05T19_14_12_458Z-debug-0.log
29 timing npm:load:logFile Completed in 6ms
30 timing npm:load:timers Completed in 0ms
31 timing npm:load:configScope Completed in 0ms
32 timing npm:load Completed in 28ms
33 silly logfile done cleaning log files
34 http fetch GET 200 https://registry.npmjs.org/npm 315ms (cache miss)
35 timing command:run Completed in 879454ms
36 verbose stack Error: command failed
36 verbose stack     at ChildProcess.<anonymous> (/usr/local/lib/node_modules/npm/node_modules/@npmcli/promise-spawn/lib/index.js:63:27)
36 verbose stack     at ChildProcess.emit (node:events:394:28)
36 verbose stack     at maybeClose (node:internal/child_process:1067:16)
36 verbose stack     at Process.ChildProcess._handle.onexit (node:internal/child_process:301:5)
37 verbose pkgid mflix@0.1.0
38 verbose cwd /home
39 verbose Linux 5.10.16.3-microsoft-standard-WSL2
40 verbose node v16.3.0
41 verbose npm  v8.13.2
42 error path /home
43 error command failed
44 error signal SIGTERM
45 error command sh -c /tmp/dev65748452533.sh
46 verbose exit 1
47 timing npm Completed in 879496ms
48 verbose code 1
49 error A complete log of this run can be found in:
49 error     /home/node/.npm/_logs/2022-07-05T19_14_12_458Z-debug-0.log
