0 verbose cli /usr/local/bin/node /usr/local/bin/npm
1 info using npm@8.13.2
2 info using node@v16.3.0
3 timing npm:load:whichnode Completed in 0ms
4 timing config:load:defaults Completed in 3ms
5 timing config:load:file:/usr/local/lib/node_modules/npm/npmrc Completed in 1ms
6 timing config:load:builtin Completed in 1ms
7 timing config:load:cli Completed in 2ms
8 timing config:load:env Completed in 0ms
9 timing config:load:file:/home/.npmrc Completed in 0ms
10 timing config:load:project Completed in 2ms
11 timing config:load:file:/home/node/.npmrc Completed in 0ms
12 timing config:load:user Completed in 1ms
13 timing config:load:file:/usr/local/etc/npmrc Completed in 0ms
14 timing config:load:global Completed in 0ms
15 timing config:load:validate Completed in 0ms
16 timing config:load:credentials Completed in 1ms
17 timing config:load:setEnvs Completed in 1ms
18 timing config:load Completed in 11ms
19 timing npm:load:configload Completed in 11ms
20 timing npm:load:mkdirpcache Completed in 1ms
21 timing npm:load:mkdirplogs Completed in 1ms
22 verbose title npm run dev
23 verbose argv "run" "dev"
24 timing npm:load:setTitle Completed in 2ms
25 timing config:load:flatten Completed in 3ms
26 timing npm:load:display Completed in 4ms
27 verbose logfile logs-max:10 dir:/home/node/.npm/_logs
28 verbose logfile /home/node/.npm/_logs/2022-07-04T06_53_27_239Z-debug-0.log
29 timing npm:load:logFile Completed in 7ms
30 timing npm:load:timers Completed in 1ms
31 timing npm:load:configScope Completed in 0ms
32 timing npm:load Completed in 29ms
33 silly logfile done cleaning log files
34 timing command:run Completed in 932367ms
35 verbose stack Error: command failed
35 verbose stack     at ChildProcess.<anonymous> (/usr/local/lib/node_modules/npm/node_modules/@npmcli/promise-spawn/lib/index.js:63:27)
35 verbose stack     at ChildProcess.emit (node:events:394:28)
35 verbose stack     at maybeClose (node:internal/child_process:1067:16)
35 verbose stack     at Process.ChildProcess._handle.onexit (node:internal/child_process:301:5)
36 verbose pkgid mflix@0.1.0
37 verbose cwd /home
38 verbose Linux 5.10.16.3-microsoft-standard-WSL2
39 verbose node v16.3.0
40 verbose npm  v8.13.2
41 error path /home
42 error command failed
43 error signal SIGTERM
44 error command sh -c /tmp/dev6569767284.sh
45 verbose exit 1
46 timing npm Completed in 932409ms
47 verbose code 1
48 error A complete log of this run can be found in:
48 error     /home/node/.npm/_logs/2022-07-04T06_53_27_239Z-debug-0.log
